<?xml version="1.0" encoding="UTF-8"?>
<testsuite name="com.backend.backendApplicationTests" tests="1" skipped="0" failures="0" errors="0" timestamp="2024-06-23T18:30:59" hostname="UFM-DESTI-C15" time="0.718">
  <properties/>
  <testcase name="contextLoads()" classname="com.backend.backendApplicationTests" time="0.718"/>
  <system-out><![CDATA[15:30:47.675 [Test worker] INFO org.springframework.test.context.support.AnnotationConfigContextLoaderUtils -- Could not detect default configuration classes for test class [com.backend.backendApplicationTests]: backendApplicationTests does not declare any static, non-private, non-final, nested classes annotated with @Configuration.
15:30:47.814 [Test worker] INFO org.springframework.boot.test.context.SpringBootTestContextBootstrapper -- Found @SpringBootConfiguration com.backend.backendApplication for test class com.backend.backendApplicationTests

  .   ____          _            __ _ _
 /\\ / ___'_ __ _ _(_)_ __  __ _ \ \ \ \
( ( )\___ | '_ | '_| | '_ \/ _` | \ \ \ \
 \\/  ___)| |_)| | | | | || (_| |  ) ) ) )
  '  |____| .__|_| |_|_| |_\__, | / / / /
 =========|_|==============|___/=/_/_/_/
 :: Spring Boot ::                (v3.2.4)

2024-06-23T15:30:48.519-03:00  INFO 44144 --- [backend] [    Test worker] com.backend.backendApplicationTests      : Starting backendApplicationTests using Java 17.0.10 with PID 44144 (started by rmoro in C:\Projetos\backend_spring\API_IOT_BACKEND_SPRING_BOOT)
2024-06-23T15:30:48.521-03:00  INFO 44144 --- [backend] [    Test worker] com.backend.backendApplicationTests      : No active profile set, falling back to 1 default profile: "default"
2024-06-23T15:30:50.414-03:00  INFO 44144 --- [backend] [    Test worker] .s.d.r.c.RepositoryConfigurationDelegate : Bootstrapping Spring Data JPA repositories in DEFAULT mode.
2024-06-23T15:30:50.512-03:00  INFO 44144 --- [backend] [    Test worker] .s.d.r.c.RepositoryConfigurationDelegate : Finished Spring Data repository scanning in 86 ms. Found 6 JPA repository interfaces.
2024-06-23T15:30:51.664-03:00  INFO 44144 --- [backend] [    Test worker] o.hibernate.jpa.internal.util.LogHelper  : HHH000204: Processing PersistenceUnitInfo [name: default]
2024-06-23T15:30:51.768-03:00  INFO 44144 --- [backend] [    Test worker] org.hibernate.Version                    : HHH000412: Hibernate ORM core version 6.4.4.Final
2024-06-23T15:30:51.825-03:00  INFO 44144 --- [backend] [    Test worker] o.h.c.internal.RegionFactoryInitiator    : HHH000026: Second-level cache disabled
2024-06-23T15:30:52.264-03:00  INFO 44144 --- [backend] [    Test worker] o.s.o.j.p.SpringPersistenceUnitInfo      : No LoadTimeWeaver setup: ignoring JPA class transformer
2024-06-23T15:30:52.315-03:00  INFO 44144 --- [backend] [    Test worker] com.zaxxer.hikari.HikariDataSource       : HikariPool-1 - Starting...
2024-06-23T15:30:52.597-03:00  INFO 44144 --- [backend] [    Test worker] com.zaxxer.hikari.pool.HikariPool        : HikariPool-1 - Added connection org.postgresql.jdbc.PgConnection@1edac3b4
2024-06-23T15:30:52.602-03:00  INFO 44144 --- [backend] [    Test worker] com.zaxxer.hikari.HikariDataSource       : HikariPool-1 - Start completed.
2024-06-23T15:30:54.059-03:00  INFO 44144 --- [backend] [    Test worker] o.h.e.t.j.p.i.JtaPlatformInitiator       : HHH000489: No JTA platform available (set 'hibernate.transaction.jta.platform' to enable JTA platform integration)
2024-06-23T15:30:54.197-03:00  INFO 44144 --- [backend] [    Test worker] j.LocalContainerEntityManagerFactoryBean : Initialized JPA EntityManagerFactory for persistence unit 'default'
2024-06-23T15:30:56.323-03:00  WARN 44144 --- [backend] [    Test worker] JpaBaseConfiguration$JpaWebConfiguration : spring.jpa.open-in-view is enabled by default. Therefore, database queries may be performed during view rendering. Explicitly configure spring.jpa.open-in-view to disable this warning
2024-06-23T15:30:59.186-03:00  INFO 44144 --- [backend] [    Test worker] o.s.b.a.e.web.EndpointLinksResolver      : Exposing 1 endpoint(s) beneath base path '/actuator'
2024-06-23T15:30:59.325-03:00  INFO 44144 --- [backend] [    Test worker] o.s.m.s.b.SimpleBrokerMessageHandler     : Starting...
2024-06-23T15:30:59.326-03:00  INFO 44144 --- [backend] [    Test worker] o.s.m.s.b.SimpleBrokerMessageHandler     : BrokerAvailabilityEvent[available=true, SimpleBrokerMessageHandler [org.springframework.messaging.simp.broker.DefaultSubscriptionRegistry@3ae81b53]]
2024-06-23T15:30:59.328-03:00  INFO 44144 --- [backend] [    Test worker] o.s.m.s.b.SimpleBrokerMessageHandler     : Started.
2024-06-23T15:30:59.332-03:00  INFO 44144 --- [backend] [    Test worker] o.s.a.r.c.CachingConnectionFactory       : Attempting to connect to: [localhost:5672]
2024-06-23T15:30:59.342-03:00  INFO 44144 --- [backend] [    Test worker] o.s.a.r.l.SimpleMessageListenerContainer : Broker not available; cannot force queue declarations during start: java.net.ConnectException: Connection refused: no further information
2024-06-23T15:30:59.359-03:00  INFO 44144 --- [backend] [ntContainer#0-1] o.s.a.r.c.CachingConnectionFactory       : Attempting to connect to: [localhost:5672]
2024-06-23T15:30:59.380-03:00  INFO 44144 --- [backend] [    Test worker] com.backend.backendApplicationTests      : Started backendApplicationTests in 11.299 seconds (process running for 12.988)
]]></system-out>
  <system-err><![CDATA[]]></system-err>
</testsuite>
